2024-06-27 10:52:27,273 - INFO - processContent took 0.1221 seconds
2024-06-27 10:52:28,871 - INFO - populateTable took 1.5962 seconds
2024-06-27 10:52:28,871 - INFO - loadData took 1.5962 seconds
2024-06-27 10:53:10,088 - INFO - processContent took 0.1202 seconds
2024-06-27 10:53:11,709 - INFO - populateTable took 1.6174 seconds
2024-06-27 10:53:11,709 - INFO - loadData took 1.6174 seconds
2024-06-27 10:54:05,475 - INFO - processContent took 0.1214 seconds
2024-06-27 10:54:07,092 - INFO - populateTable took 1.6152 seconds
2024-06-27 10:54:07,092 - INFO - loadData took 1.6152 seconds
2024-06-27 10:56:30,113 - INFO - processContent took 0.1261 seconds
2024-06-27 10:56:31,728 - INFO - populateTable took 1.6127 seconds
2024-06-27 10:56:31,728 - INFO - loadData took 1.6127 seconds
2024-06-27 10:56:53,420 - INFO - processContent took 0.0000 seconds
2024-06-27 10:56:53,425 - INFO - populateTable took 0.0050 seconds
2024-06-27 10:56:53,425 - INFO - loadData took 0.0050 seconds
2024-06-27 10:57:30,339 - INFO - processContent took 0.0000 seconds
2024-06-27 10:57:30,344 - INFO - populateTable took 0.0050 seconds
2024-06-27 10:57:30,344 - INFO - loadData took 0.0050 seconds
2024-06-27 10:58:32,493 - INFO - processContent took 0.1347 seconds
2024-06-27 10:58:34,135 - INFO - populateTable took 1.6395 seconds
2024-06-27 10:58:34,136 - INFO - loadData took 1.6405 seconds
2024-06-27 11:19:11,443 - INFO - processContent took 0.1258 seconds
2024-06-27 11:19:13,082 - INFO - populateTable took 1.6367 seconds
2024-06-27 11:19:13,082 - INFO - loadData took 1.6367 seconds
2024-06-27 11:19:37,280 - INFO - populateTable took 0.3960 seconds
2024-06-27 11:19:37,280 - INFO - showFilteredData took 0.4040 seconds
2024-06-27 11:20:06,490 - INFO - processContent took 0.1250 seconds
2024-06-27 11:20:08,082 - INFO - populateTable took 1.5891 seconds
2024-06-27 11:20:08,083 - INFO - loadData took 1.5901 seconds
2024-06-27 11:20:10,341 - INFO - populateTable took 0.2873 seconds
2024-06-27 11:20:10,341 - INFO - showFilteredData took 0.2953 seconds
2024-06-27 11:21:21,619 - INFO - processContent took 0.1271 seconds
2024-06-27 11:21:23,236 - INFO - populateTable took 1.6144 seconds
2024-06-27 11:21:23,236 - INFO - loadData took 1.6144 seconds
2024-06-27 11:21:40,260 - INFO - populateTable took 0.3413 seconds
2024-06-27 11:21:40,260 - INFO - showFilteredData took 0.3483 seconds
2024-06-27 11:21:54,881 - INFO - populateTable took 0.0931 seconds
2024-06-27 11:21:54,881 - INFO - showFilteredData took 0.1021 seconds
2024-06-27 12:19:22,903 - INFO - processContent took 0.1251 seconds
2024-06-27 12:19:24,508 - INFO - populateTable took 1.6023 seconds
2024-06-27 12:19:24,508 - INFO - loadData took 1.6023 seconds
2024-06-27 12:19:37,745 - INFO - populateTable took 0.3027 seconds
2024-06-27 12:19:37,745 - INFO - showFilteredData took 0.3117 seconds
2024-06-27 12:25:16,612 - INFO - processContent took 0.1221 seconds
2024-06-27 12:25:18,230 - INFO - populateTable took 1.6163 seconds
2024-06-27 12:25:18,231 - INFO - loadData took 1.6173 seconds
2024-06-27 12:25:38,943 - INFO - populateTable took 0.3920 seconds
2024-06-27 12:25:38,943 - INFO - showFilteredData took 0.4010 seconds
2024-06-27 12:27:38,003 - INFO - processContent took 0.1271 seconds
2024-06-27 12:27:39,657 - INFO - populateTable took 1.6518 seconds
2024-06-27 12:27:39,657 - INFO - loadData took 1.6528 seconds
2024-06-27 12:28:02,538 - INFO - populateTable took 0.3858 seconds
2024-06-27 12:28:02,538 - INFO - showFilteredData took 0.3948 seconds
2024-06-27 12:29:40,673 - INFO - processContent took 0.1279 seconds
2024-06-27 12:29:42,341 - INFO - populateTable took 1.6667 seconds
2024-06-27 12:29:42,342 - INFO - loadData took 1.6677 seconds
2024-06-27 12:30:00,939 - INFO - populateTable took 0.4124 seconds
2024-06-27 12:30:00,939 - INFO - showFilteredData took 0.4214 seconds
2024-06-27 12:30:18,502 - INFO - processContent took 0.1364 seconds
2024-06-27 12:30:20,273 - INFO - populateTable took 1.7678 seconds
2024-06-27 12:30:20,273 - INFO - loadData took 1.7678 seconds
2024-06-27 12:30:37,387 - INFO - populateTable took 0.4023 seconds
2024-06-27 12:30:37,387 - INFO - showFilteredData took 0.4123 seconds
2024-06-27 12:45:01,720 - INFO - processContent took 0.1211 seconds
2024-06-27 12:45:03,355 - INFO - populateTable took 1.6332 seconds
2024-06-27 12:45:03,355 - INFO - loadData took 1.6332 seconds
2024-06-27 12:45:11,253 - ERROR - Row has missing columns: import sys
2024-06-27 12:45:11,253 - ERROR - Row has missing columns: import os
2024-06-27 12:45:11,253 - ERROR - Row has missing columns: import logging
2024-06-27 12:45:11,253 - ERROR - Row has missing columns: 
2024-06-27 12:45:11,253 - ERROR - Row has missing columns: from PyQt5.QtCore import QDate
2024-06-27 12:45:11,254 - ERROR - Row has missing columns: from PyQt5.QtWidgets import QDialog, QApplication, QFileDialog, QMainWindow, QVBoxLayout, QTableWidget, \
2024-06-27 12:45:11,254 - ERROR - Row has missing columns:     QTableWidgetItem, QWidget, QLabel, QPushButton, QDateEdit
2024-06-27 12:45:11,254 - ERROR - Row has missing columns: from PyQt5.uic import loadUi
2024-06-27 12:45:11,254 - ERROR - Row has missing columns: 
2024-06-27 12:45:11,254 - ERROR - Row has missing columns: from TimeKeeping.datImporter.dialogLoader import dialogModal
2024-06-27 12:45:11,254 - ERROR - Row has missing columns: 
2024-06-27 12:45:11,254 - ERROR - Row has missing columns: if __name__ == '__main__':
2024-06-27 12:45:11,254 - ERROR - Row has missing columns:     app = QApplication(sys.argv)
2024-06-27 12:45:11,254 - ERROR - Row has missing columns:     dialog = dialogModal()
2024-06-27 12:45:11,254 - ERROR - Row has missing columns:     dialog.show()
2024-06-27 12:45:11,254 - ERROR - Row has missing columns:     sys.exit(app.exec_())
2024-06-27 12:45:11,254 - INFO - processContent took 0.0010 seconds
2024-06-27 12:45:11,254 - INFO - populateTable took 0.0000 seconds
2024-06-27 12:45:11,254 - INFO - loadData took 0.0000 seconds
2024-06-27 12:45:40,139 - INFO - processContent took 0.1319 seconds
2024-06-27 12:45:41,831 - INFO - populateTable took 1.6895 seconds
2024-06-27 12:45:41,831 - INFO - loadData took 1.6895 seconds
2024-06-27 12:58:15,941 - INFO - processContent took 0.1241 seconds
2024-06-27 12:58:17,579 - INFO - populateTable took 1.6357 seconds
2024-06-27 12:58:17,579 - INFO - loadData took 1.6357 seconds
2024-06-27 12:58:19,529 - INFO - populateTable took 0.2986 seconds
2024-06-27 12:58:19,529 - INFO - showFilteredData took 0.3056 seconds
2024-06-27 12:58:26,752 - INFO - populateTable took 1.6274 seconds
2024-06-27 12:58:26,752 - INFO - showFilteredData took 1.6394 seconds
2024-06-27 12:58:53,535 - INFO - populateTable took 0.3853 seconds
2024-06-27 12:58:53,535 - INFO - showFilteredData took 0.3944 seconds
2024-06-27 14:07:09,772 - INFO - processContent took 0.1221 seconds
2024-06-27 14:07:11,337 - INFO - populateTable took 1.5626 seconds
2024-06-27 14:07:11,337 - INFO - loadData took 1.5626 seconds
